03/01/2022 12:49:07 PM | INFO |  \dn
                 %%%%%%%%%%%%%%%%%% Main Program start %%%%%%%%%%%%%%%%%%

03/01/2022 12:49:07 PM | INFO |  Function: Main | Message: Current Version: 1.4
03/01/2022 12:49:07 PM | INFO |  Function: Main | Message: OS: macOS-12.1-arm64-arm-64bit | Version: Darwin Kernel Version 21.2.0: Sun Nov 28 20:28:41 PST 2021; root:xnu-8019.61.5~1/RELEASE_ARM64_T6000
03/01/2022 12:49:07 PM | INFO |  Function: Main | Message: Creating Audio File . 
03/01/2022 12:49:07 PM | DEBUG |  Starting new HTTPS connection (1): raw.githubusercontent.com:443
03/01/2022 12:49:07 PM | DEBUG |  https://raw.githubusercontent.com:443 "GET /maxacode/Adept-Vocal-Alarm/main/Update.txt HTTP/1.1" 200 94
03/01/2022 12:49:07 PM | INFO |  Function: readFile | Message: Starting Function - reading File
03/01/2022 12:49:07 PM | INFO |  Function: readFile | Message: Starting Alarm: ('10:03', 'I Love You Kelsey!')
03/01/2022 12:49:07 PM | INFO |  Function: alarmTimer | Message: Starting AlarmTimer Function
03/01/2022 12:49:07 PM | INFO |  Function: alarmTimer | Message: Time Now: 46147 
 Alarm in: Seconds: -10027 | Minutes: -167 | Hours: -3 for alarm: 10:03
03/01/2022 12:49:07 PM | INFO |  Function: alarmTimer | Message: ------ALARM PASSED----
03/01/2022 12:49:19 PM | INFO |  \dn
                 %%%%%%%%%%%%%%%%%% Main Program start %%%%%%%%%%%%%%%%%%

03/01/2022 12:49:19 PM | INFO |  Function: Main | Message: Current Version: 1.3
03/01/2022 12:49:19 PM | INFO |  Function: Main | Message: OS: macOS-12.1-arm64-arm-64bit | Version: Darwin Kernel Version 21.2.0: Sun Nov 28 20:28:41 PST 2021; root:xnu-8019.61.5~1/RELEASE_ARM64_T6000
03/01/2022 12:49:19 PM | INFO |  Function: Main | Message: Creating Audio File . 
03/01/2022 12:49:19 PM | INFO |  Function: Main | Message: Deleting Contents of Audio File and creating a new one. 
03/01/2022 12:49:19 PM | DEBUG |  Starting new HTTPS connection (1): raw.githubusercontent.com:443
03/01/2022 12:49:19 PM | DEBUG |  https://raw.githubusercontent.com:443 "GET /maxacode/Adept-Vocal-Alarm/main/Update.txt HTTP/1.1" 200 94
03/01/2022 12:49:27 PM | INFO |  Function: checkForUpdate | Message: Update: y
03/01/2022 12:49:27 PM | INFO |  Function: updater.py | Message: Starting Update
03/01/2022 12:49:27 PM | DEBUG |  Starting new HTTPS connection (1): raw.githubusercontent.com:443
03/01/2022 12:49:27 PM | DEBUG |  https://raw.githubusercontent.com:443 "GET /maxacode/Adept-Vocal-Alarm/main/Main.py HTTP/1.1" 200 2851
03/01/2022 12:49:27 PM | INFO |  Function: updater.py | Message: Update Complete
03/01/2022 12:49:27 PM | INFO |  Function: updater.py | Message: New Main with Python3
03/01/2022 12:49:28 PM | INFO |  \dn
                 %%%%%%%%%%%%%%%%%% Main Program start %%%%%%%%%%%%%%%%%%

03/01/2022 12:49:28 PM | INFO |  Function: Main | Message: Current Version: 1.4
03/01/2022 12:49:28 PM | INFO |  Function: Main | Message: OS: macOS-12.1-arm64-arm-64bit | Version: Darwin Kernel Version 21.2.0: Sun Nov 28 20:28:41 PST 2021; root:xnu-8019.61.5~1/RELEASE_ARM64_T6000
03/01/2022 12:49:28 PM | INFO |  Function: Main | Message: Creating Audio File . 
03/01/2022 12:49:28 PM | INFO |  Function: Main | Message: Deleting Contents of Audio File and creating a new one. 
03/01/2022 12:49:28 PM | DEBUG |  Starting new HTTPS connection (1): raw.githubusercontent.com:443
03/01/2022 12:49:28 PM | DEBUG |  https://raw.githubusercontent.com:443 "GET /maxacode/Adept-Vocal-Alarm/main/Update.txt HTTP/1.1" 200 94
03/01/2022 12:49:28 PM | INFO |  Function: readFile | Message: Starting Function - reading File
03/01/2022 12:49:28 PM | INFO |  Function: readFile | Message: Starting Alarm: ('20:21', 'I Love You Kelsey!')
03/01/2022 12:49:28 PM | INFO |  Function: alarmTimer | Message: Starting AlarmTimer Function
03/01/2022 12:49:28 PM | INFO |  Function: alarmTimer | Message: Time Now: 46168 
 Alarm in: Seconds: 27032 | Minutes: 451 | Hours: 8 for alarm: 20:21
03/01/2022 12:49:28 PM | INFO |  Function: alarmTimer | Message: Time left for alarm is 7:30:32
03/01/2022 12:50:18 PM | INFO |  \dn
                 %%%%%%%%%%%%%%%%%% Main Program start %%%%%%%%%%%%%%%%%%

03/01/2022 12:50:18 PM | INFO |  Function: Main | Message: Current Version: 1.4
03/01/2022 12:50:18 PM | INFO |  Function: Main | Message: OS: macOS-12.1-arm64-arm-64bit | Version: Darwin Kernel Version 21.2.0: Sun Nov 28 20:28:41 PST 2021; root:xnu-8019.61.5~1/RELEASE_ARM64_T6000
03/01/2022 12:50:18 PM | INFO |  Function: Main | Message: Creating Audio File . 
03/01/2022 12:50:18 PM | INFO |  Function: Main | Message: Deleting Contents of Audio File and creating a new one. 
03/01/2022 12:50:18 PM | DEBUG |  Starting new HTTPS connection (1): raw.githubusercontent.com:443
03/01/2022 12:50:18 PM | DEBUG |  https://raw.githubusercontent.com:443 "GET /maxacode/Adept-Vocal-Alarm/main/Update.txt HTTP/1.1" 200 94
03/01/2022 12:50:18 PM | INFO |  Function: readFile | Message: Starting Function - reading File
03/01/2022 12:50:18 PM | INFO |  Function: readFile | Message: Starting Alarm: ('20:21', 'I Love You Kelsey!')
03/01/2022 12:50:18 PM | INFO |  Function: alarmTimer | Message: Starting AlarmTimer Function
03/01/2022 12:50:18 PM | INFO |  Function: alarmTimer | Message: Time Now: 46218 
 Alarm in: Seconds: 26982 | Minutes: 450 | Hours: 7 for alarm: 20:21
03/01/2022 12:50:18 PM | INFO |  Function: alarmTimer | Message: Time left for alarm is 7:29:42
03/01/2022 12:50:25 PM | INFO |  \dn
                 %%%%%%%%%%%%%%%%%% Main Program start %%%%%%%%%%%%%%%%%%

03/01/2022 12:50:25 PM | INFO |  Function: Main | Message: Current Version: 1.4
03/01/2022 12:50:25 PM | INFO |  Function: Main | Message: OS: macOS-12.1-arm64-arm-64bit | Version: Darwin Kernel Version 21.2.0: Sun Nov 28 20:28:41 PST 2021; root:xnu-8019.61.5~1/RELEASE_ARM64_T6000
03/01/2022 12:50:25 PM | INFO |  Function: Main | Message: Creating Audio File . 
03/01/2022 12:50:25 PM | INFO |  Function: Main | Message: Deleting Contents of Audio File and creating a new one. 
03/01/2022 12:50:25 PM | DEBUG |  Starting new HTTPS connection (1): raw.githubusercontent.com:443
03/01/2022 12:50:25 PM | DEBUG |  https://raw.githubusercontent.com:443 "GET /maxacode/Adept-Vocal-Alarm/main/Update.txt HTTP/1.1" 200 94
03/01/2022 12:50:25 PM | INFO |  Function: readFile | Message: Starting Function - reading File
03/01/2022 12:50:25 PM | INFO |  Function: readFile | Message: Starting Alarm: ('20:21', 'I Love You Kelsey!')
03/01/2022 12:50:25 PM | INFO |  Function: alarmTimer | Message: Starting AlarmTimer Function
03/01/2022 12:50:25 PM | INFO |  Function: alarmTimer | Message: Time Now: 46225 
 Alarm in: Seconds: 26975 | Minutes: 450 | Hours: 7 for alarm: 20:21
03/01/2022 12:50:25 PM | INFO |  Function: alarmTimer | Message: Time left for alarm is 7:29:35
