04/05/2022 05:18:40 PM | INFO |  

                 %%%%%%%%%%%%%%%%%% Main Program start 2.2%%%%%%%%%%%%%%%%%%

04/05/2022 05:18:40 PM | INFO |  Function: readConfigINI | Message: Starting to reading of teh COnfig File - Line 98
04/05/2022 05:18:40 PM | INFO |  Function: checkforUpdate | Message: Starting Updater
04/05/2022 05:18:40 PM | INFO |  Function: checkforUpdate | Message: Updater Link: https://raw.githubusercontent.com/maxacode/Adept-Vocal-Alarm/main/SupportingFiles/Updater.py
04/05/2022 05:18:40 PM | DEBUG |  Starting new HTTPS connection (1): raw.githubusercontent.com:443
04/05/2022 05:18:41 PM | DEBUG |  https://raw.githubusercontent.com:443 "GET /maxacode/Adept-Vocal-Alarm/main/SupportingFiles/Update.txt HTTP/1.1" 200 104
04/05/2022 05:18:41 PM | INFO |  Function: checkforUpdate | Message: new version: 2.2 | Udpate Link: https://github.com/maxacode/Adept-Vocal-Alarm/blob/main/Updates/Main.exe?raw=true | Outdated by: 0.0 
04/05/2022 05:18:41 PM | INFO |  Function: readFile | Message: Starting Function - reading File
04/05/2022 05:18:41 PM | INFO |  Function: readFile | Message: Found the Alarms File: SAMPLE-04-05csv

04/05/2022 05:18:41 PM | INFO |  Function: ReadFile | Message: Sending Alarm to colon function: 524
04/05/2022 05:18:41 PM | INFO |  Function: readFile | Message: Done with full msg
04/05/2022 05:18:41 PM | INFO |  Function: ReadFile | Message: Sending Alarm to colon function: 524
04/05/2022 05:18:41 PM | INFO |  Function: readFile | Message: Done with full msg
04/05/2022 05:18:41 PM | INFO |  Function: ReadFile | Message: Sending Alarm to colon function: 525
04/05/2022 05:18:41 PM | INFO |  Function: readFile | Message: Done with full msg
04/05/2022 05:18:41 PM | INFO |  Function: ReadFile | Message: Sending Alarm to colon function: 525
04/05/2022 05:18:41 PM | INFO |  Function: readFile | Message: Done with full msg
04/05/2022 05:18:41 PM | INFO |  Function: readFile | Message: Starting Alarm: ('5:24', 'Stop Run', 'Doublewide', 'China')
04/05/2022 05:18:41 PM | INFO |  Function: alarmTimer | Message: Starting AlarmTimer Function Vars: alarm: 5:24 | msg: ('5:24', 'Stop Run', 'Doublewide', 'China') | numAlarm: 0
04/05/2022 05:18:41 PM | INFO |  Function: alarmTimer | Message: Time Now: 62321 - Alarm Time: 62340 
 Alarm in: Seconds: 19 | Minutes: 0 | Hours: 0 for alarm: 5:24
04/05/2022 05:18:41 PM | INFO |  Function: alarmTimer | Message: Time left for alarm is 5:24 | ('5:24', 'Stop Run', 'Doublewide', 'China') | 0:00:44
04/05/2022 05:18:42 PM | INFO |  Function: readFile | Message: Starting Alarm: ('5:24', '-', 'Doublewide', '-')
04/05/2022 05:18:42 PM | INFO |  Function: alarmTimer | Message: Starting AlarmTimer Function Vars: alarm: 5:24 | msg: ('5:24', '-', 'Doublewide', '-') | numAlarm: 1
04/05/2022 05:18:42 PM | INFO |  Function: alarmTimer | Message: Time Now: 62322 - Alarm Time: 62340 
 Alarm in: Seconds: 18 | Minutes: 0 | Hours: 0 for alarm: 5:24
04/05/2022 05:18:42 PM | INFO |  Function: alarmTimer | Message: Time left for alarm is 5:24 | ('5:24', '-', 'Doublewide', '-') | 0:00:25
04/05/2022 05:18:43 PM | INFO |  Function: readFile | Message: Starting Alarm: ('5:25', 'Hank Sell', 'Doublewide', 'London')
04/05/2022 05:18:43 PM | INFO |  Function: alarmTimer | Message: Starting AlarmTimer Function Vars: alarm: 5:25 | msg: ('5:25', 'Hank Sell', 'Doublewide', 'London') | numAlarm: 2
04/05/2022 05:18:43 PM | INFO |  Function: alarmTimer | Message: Time Now: 62323 - Alarm Time: 62400 
 Alarm in: Seconds: 77 | Minutes: 1 | Hours: 0 for alarm: 5:25
04/05/2022 05:18:43 PM | INFO |  Function: alarmTimer | Message: Time left for alarm is 5:25 | ('5:25', 'Hank Sell', 'Doublewide', 'London') | 0:01:33
04/05/2022 05:18:44 PM | INFO |  Function: readFile | Message: Starting Alarm: ('5:25', 'Hank Sell', '-', '-')
04/05/2022 05:18:44 PM | INFO |  Function: alarmTimer | Message: Starting AlarmTimer Function Vars: alarm: 5:25 | msg: ('5:25', 'Hank Sell', '-', '-') | numAlarm: 3
04/05/2022 05:18:44 PM | INFO |  Function: alarmTimer | Message: Time Now: 62324 - Alarm Time: 62400 
 Alarm in: Seconds: 76 | Minutes: 1 | Hours: 0 for alarm: 5:25
04/05/2022 05:18:44 PM | INFO |  Function: alarmTimer | Message: Time left for alarm is 5:25 | ('5:25', 'Hank Sell', '-', '-') | 0:01:40
04/05/2022 05:19:07 PM | INFO |  Function: playAudio | Message: Starting playAudio Function
04/05/2022 05:19:07 PM | INFO |  Function: playAudio | Message: Downloading Audio: SupportingFiles/Audio/4106.mp3
04/05/2022 05:19:07 PM | DEBUG |  text: ('5:24', '-', 'Doublewide', '-')
04/05/2022 05:19:07 PM | DEBUG |  tld: com
04/05/2022 05:19:07 PM | DEBUG |  lang: en
04/05/2022 05:19:07 PM | DEBUG |  slow: False
04/05/2022 05:19:07 PM | DEBUG |  lang_check: True
04/05/2022 05:19:07 PM | DEBUG |  pre_processor_funcs: [<function tone_marks at 0x105c03490>, <function end_of_line at 0x105c03c70>, <function abbreviations at 0x105c03d00>, <function word_sub at 0x105c03d90>]
04/05/2022 05:19:07 PM | DEBUG |  tokenizer_func: <bound method Tokenizer.run of re.compile('(?<=\\?).|(?<=!).|(?<=？).|(?<=！).|(?<!\\.[a-z])\\. |(?<!\\.[a-z]), |(?<!\\d):|\\[|—|\\)|\\(|\\]|¡|，|;|：|¿|\\\n|、|‥|。|،|…', re.IGNORECASE) from: [<function tone_marks at 0x105c03f40>, <function period_comma at 0x105c14040>, <function colon at 0x105c140d0>, <function other_punctuation at 0x105c14160>]>
04/05/2022 05:19:07 PM | DEBUG |  langs: {'af': 'Afrikaans', 'ar': 'Arabic', 'bg': 'Bulgarian', 'bn': 'Bengali', 'bs': 'Bosnian', 'ca': 'Catalan', 'cs': 'Czech', 'cy': 'Welsh', 'da': 'Danish', 'de': 'German', 'el': 'Greek', 'en': 'English', 'eo': 'Esperanto', 'es': 'Spanish', 'et': 'Estonian', 'fi': 'Finnish', 'fr': 'French', 'gu': 'Gujarati', 'hi': 'Hindi', 'hr': 'Croatian', 'hu': 'Hungarian', 'hy': 'Armenian', 'id': 'Indonesian', 'is': 'Icelandic', 'it': 'Italian', 'ja': 'Japanese', 'jw': 'Javanese', 'km': 'Khmer', 'kn': 'Kannada', 'ko': 'Korean', 'la': 'Latin', 'lv': 'Latvian', 'mk': 'Macedonian', 'ml': 'Malayalam', 'mr': 'Marathi', 'my': 'Myanmar (Burmese)', 'ne': 'Nepali', 'nl': 'Dutch', 'no': 'Norwegian', 'pl': 'Polish', 'pt': 'Portuguese', 'ro': 'Romanian', 'ru': 'Russian', 'si': 'Sinhala', 'sk': 'Slovak', 'sq': 'Albanian', 'sr': 'Serbian', 'su': 'Sundanese', 'sv': 'Swedish', 'sw': 'Swahili', 'ta': 'Tamil', 'te': 'Telugu', 'th': 'Thai', 'tl': 'Filipino', 'tr': 'Turkish', 'uk': 'Ukrainian', 'ur': 'Urdu', 'vi': 'Vietnamese', 'zh-CN': 'Chinese', 'zh-TW': 'Chinese (Mandarin/Taiwan)', 'zh': 'Chinese (Mandarin)'}
04/05/2022 05:19:07 PM | DEBUG |  pre-processing: <function tone_marks at 0x105c03490>
04/05/2022 05:19:07 PM | DEBUG |  pre-processing: <function end_of_line at 0x105c03c70>
04/05/2022 05:19:07 PM | DEBUG |  pre-processing: <function abbreviations at 0x105c03d00>
04/05/2022 05:19:07 PM | DEBUG |  pre-processing: <function word_sub at 0x105c03d90>
04/05/2022 05:19:07 PM | DEBUG |  text_parts: ["('5:24', '-', 'Doublewide', '-')"]
04/05/2022 05:19:07 PM | DEBUG |  text_parts: 1
04/05/2022 05:19:07 PM | DEBUG |  data-0: f.req=%5B%5B%5B%22jQ1olc%22%2C%22%5B%5C%22%28%275%3A24%27%2C%20%27-%27%2C%20%27Doublewide%27%2C%20%27-%27%29%5C%22%2C%5C%22en%5C%22%2Cnull%2C%5C%22null%5C%22%5D%22%2Cnull%2C%22generic%22%5D%5D%5D&
04/05/2022 05:19:07 PM | DEBUG |  Starting new HTTPS connection (1): translate.google.com:443
04/05/2022 05:19:07 PM | DEBUG |  https://translate.google.com:443 "POST /_/TranslateWebserverUi/data/batchexecute HTTP/1.1" 200 None
04/05/2022 05:19:07 PM | DEBUG |  headers-0: {'Referer': 'http://translate.google.com/', 'User-Agent': 'Mozilla/5.0 (Windows NT 10.0; WOW64) AppleWebKit/537.36 (KHTML, like Gecko) Chrome/47.0.2526.106 Safari/537.36', 'Content-Type': 'application/x-www-form-urlencoded;charset=utf-8', 'Content-Length': '196'}
04/05/2022 05:19:07 PM | DEBUG |  url-0: https://translate.google.com/_/TranslateWebserverUi/data/batchexecute
04/05/2022 05:19:08 PM | DEBUG |  status-0: 200
04/05/2022 05:19:08 PM | DEBUG |  part-0 written to <_io.BufferedWriter name='SupportingFiles/Audio/4106.mp3'>
04/05/2022 05:19:08 PM | DEBUG |  Saved to SupportingFiles/Audio/4106.mp3
04/05/2022 05:19:10 PM | INFO |  Function: playAudio | Message: DONE: ('5:24', '-', 'Doublewide', '-') - File Local: SupportingFiles/Audio/4106.mp3 - 
04/05/2022 05:19:10 PM | INFO |  Function: PlayAudio | Message: Did Alarm: 2/4
04/05/2022 05:19:21 PM | INFO |  Function: Sentry | Message: Execution Time In Seconds: 40.79671812057495
04/05/2022 05:19:21 PM | INFO |  Function: Sentry Send | Message: Trying to get Public IP: <urlopen error [SSL: CERTIFICATE_VERIFY_FAILED] certificate verify failed: unable to get local issuer certificate (_ssl.c:997)>
04/05/2022 05:19:21 PM | INFO |  Function: Main | Message: Current Version: 2.2
04/05/2022 05:19:21 PM | INFO |  Function: Main | Message: OS: macOS-12.2.1-arm64-arm-64bit | Version: Darwin Kernel Version 21.3.0: Wed Jan  5 21:37:58 PST 2022; root:xnu-8019.80.24~20/RELEASE_ARM64_T6000 | Private IP: Private-IP: Null | Public IP: Public_IP: Null | Host_Username root | App Version: 2.2 
04/05/2022 05:19:21 PM | DEBUG |  Starting new HTTPS connection (1): o1176942.ingest.sentry.io:443
04/05/2022 05:19:21 PM | DEBUG |  https://o1176942.ingest.sentry.io:443 "POST /api/6275427/envelope/ HTTP/1.1" 200 41
